<?xml version="1.0" encoding="UTF-8"?>
<testsuite name="com.yodel.InputTranslatorTest" tests="4" skipped="0" failures="0" errors="0" timestamp="2019-06-21T11:28:08" hostname="Bento-PC" time="0.004">
  <properties/>
  <testcase name="shouldConvertStringWithHighPrecisionToBigDecimal" classname="com.yodel.InputTranslatorTest" time="0.0"/>
  <testcase name="shouldConvertStringToBigDecimal" classname="com.yodel.InputTranslatorTest" time="0.0"/>
  <testcase name="shouldGetZeroFromBadNumericString" classname="com.yodel.InputTranslatorTest" time="0.003"/>
  <testcase name="shouldGetZeroFromAlphaString" classname="com.yodel.InputTranslatorTest" time="0.0"/>
  <system-out><![CDATA[Input of 123.456.567 caused a NumberFormatException!
Input of abcd caused a NumberFormatException!
]]></system-out>
  <system-err><![CDATA[]]></system-err>
</testsuite>
