<?xml version="1.0" encoding="UTF-8"?>
<testsuite name="com.yodel.InputValidatorTest" tests="5" skipped="0" failures="0" errors="0" timestamp="2019-06-21T11:29:28" hostname="Bento-PC" time="0.011">
  <properties/>
  <testcase name="willFindBigNumberIsValid" classname="com.yodel.InputValidatorTest" time="0.01"/>
  <testcase name="willFindNegative1IsInvalid" classname="com.yodel.InputValidatorTest" time="0.001"/>
  <testcase name="willFindMalformedNumberIsInvalid" classname="com.yodel.InputValidatorTest" time="0.0"/>
  <testcase name="willFindAlphaNumberIsInvalid" classname="com.yodel.InputValidatorTest" time="0.0"/>
  <testcase name="willFind1IsValid" classname="com.yodel.InputValidatorTest" time="0.0"/>
  <system-out><![CDATA[]]></system-out>
  <system-err><![CDATA[]]></system-err>
</testsuite>
